<?xml version="1.0"?>
<testsuites>
  <testsuite name="Chrome 24.0 (Mac)" package="undefined" timestamp="2013-02-10T00:10:17" id="0" hostname="jdog.home" tests="44" errors="0" failures="0" time="0.069">
    <properties>
      <property name="browser.fullName" value="Mozilla/5.0 (Macintosh; Intel Mac OS X 10_8_2) AppleWebKit/537.17 (KHTML, like Gecko) Chrome/24.0.1312.57 Safari/537.17"/>
    </properties>
    <testcase name="should read remote files" time="0.041" classname="Chrome 24.0 (Mac).ajax #get"/>
    <testcase name="should post to remote handlers" time="0.001" classname="Chrome 24.0 (Mac).ajax #post"/>
    <testcase name="should transform Arrays" time="0.002" classname="Chrome 24.0 (Mac).collection #map"/>
    <testcase name="should compare equality" time="0" classname="Chrome 24.0 (Mac).compare #eq"/>
    <testcase name="should determine if a is greater than b" time="0.001" classname="Chrome 24.0 (Mac).compare #gt"/>
    <testcase name="should determine if a is smaller than b" time="0" classname="Chrome 24.0 (Mac).compare #lt"/>
    <testcase name="should determine if a is greater or equal to b" time="0.001" classname="Chrome 24.0 (Mac).compare #gte"/>
    <testcase name="should determine if a is smaller or equal to b" time="0" classname="Chrome 24.0 (Mac).compare #lte"/>
    <testcase name="should convert dashed CSS values to JavaScript camel case format" time="0.001" classname="Chrome 24.0 (Mac).cssPosition #toCamelCase"/>
    <testcase name="should read CSS rules applied to an element, however they are defined" time="0.002" classname="Chrome 24.0 (Mac).cssPosition #getComputedStyle"/>
    <testcase name="should state how many pixels from the left edge of the body an element is" time="0.001" classname="Chrome 24.0 (Mac).cssPosition #offsetLeft"/>
    <testcase name="should state how many pixels from the top edge of the body an element is" time="0.001" classname="Chrome 24.0 (Mac).cssPosition #offsetTop"/>
    <testcase name="should state how many pixels a scrollable element has scrolled" time="0.002" classname="Chrome 24.0 (Mac).cssPosition #scrollLeft / #scrollTop"/>
    <testcase name="should read named attributes" time="0" classname="Chrome 24.0 (Mac).domAttr #get"/>
    <testcase name="should add or update named attributes" time="0.001" classname="Chrome 24.0 (Mac).domAttr #set"/>
    <testcase name="should set many named attributes on a single element" time="0.001" classname="Chrome 24.0 (Mac).domAttr #setMany"/>
    <testcase name="should remove named attributes" time="0.001" classname="Chrome 24.0 (Mac).domAttr #remove"/>
    <testcase name="should register a DOM event listener to an element" time="0.001" classname="Chrome 24.0 (Mac).domListener #on"/>
    <testcase name="should remove a DOM event listener from an element" time="0" classname="Chrome 24.0 (Mac).domListener #off"/>
    <testcase name="should remove all event listeners bound by this module" time="0" classname="Chrome 24.0 (Mac).domListener #flush"/>
    <testcase name="should state whether the supplied element matches the provided CSS selector" time="0.001" classname="Chrome 24.0 (Mac).domQuery #is"/>
    <testcase name="should return elements matching the provided CSS selector" time="0" classname="Chrome 24.0 (Mac).domQuery #find"/>
    <testcase name="should defer invocation of a function until after the DOM is loaded" time="0.001" classname="Chrome 24.0 (Mac).domReady"/>
    <testcase name="should invoke a function immediately if the DOM is already loaded" time="0" classname="Chrome 24.0 (Mac).domReady"/>
    <testcase name="should iterate over Arrays" time="0.001" classname="Chrome 24.0 (Mac).each"/>
    <testcase name="should iterate over Objects" time="0.001" classname="Chrome 24.0 (Mac).each"/>
    <testcase name="should return a function that always returns the same value that was used as its argument" time="0.001" classname="Chrome 24.0 (Mac).fn #id"/>
    <testcase name="should return a function that when called, will have always have a &quot;this&quot; of x" time="0.001" classname="Chrome 24.0 (Mac).fn #bind"/>
    <testcase name="should return partially applied functions if called with less than the total named arguments" time="0" classname="Chrome 24.0 (Mac).fn #curry"/>
    <testcase name="should behave normally if called with all named arguments" time="0" classname="Chrome 24.0 (Mac).fn #curry"/>
    <testcase name="should return a function which calls each supplied function in turn" time="0" classname="Chrome 24.0 (Mac).fn #compose"/>
    <testcase name="should call each function with the return value of the previous" time="0.001" classname="Chrome 24.0 (Mac).fn #compose"/>
    <testcase name="should return a version of f which, when called has its first two arguments flipped" time="0" classname="Chrome 24.0 (Mac).fn #flip"/>
    <testcase name="should return the arguments it was called with as an Array" time="0.001" classname="Chrome 24.0 (Mac).fn #input"/>
    <testcase name="should call f using xs as the arguments" time="0" classname="Chrome 24.0 (Mac).fn #callWith"/>
    <testcase name="should copy members from b to a" time="0.001" classname="Chrome 24.0 (Mac).obj #extend"/>
    <testcase name="should overwrite existing members on a of the same name" time="0" classname="Chrome 24.0 (Mac).obj #extend"/>
    <testcase name="should add members of defaults to options that are not already present" time="0.001" classname="Chrome 24.0 (Mac).obj #defaults"/>
    <testcase name="should not copy members of defaults onto options that are already present" time="0" classname="Chrome 24.0 (Mac).obj #defaults"/>
    <testcase name="should perform a case-insensitive equality comparison" time="0" classname="Chrome 24.0 (Mac).str #eq"/>
    <testcase name="should state whether a pattern is found within a string" time="0.001" classname="Chrome 24.0 (Mac).str #contains"/>
    <testcase name="should report whether a URL contains GET query params" time="0" classname="Chrome 24.0 (Mac).url #hasParams"/>
    <testcase name="should add a GET query param to a URL" time="0" classname="Chrome 24.0 (Mac).url #addParam"/>
    <testcase name="should add many GET query params to a URL" time="0.001" classname="Chrome 24.0 (Mac).url #addParams"/>
    <system-out/>
    <system-err/>
  </testsuite>
</testsuites>
